<?xml version="1.0" encoding="UTF-8"?>
<!-- Generated by org.testng.reporters.JUnitXMLReporter -->
<testsuite hostname="DESKTOP-5P47P0G" ignored="2" name="Default test" tests="1" failures="0" timestamp="2020-05-17T23:48:06 IST" time="42.155" errors="0">
  <testcase name="getAllTrashedNotesTest" time="29.515" classname="com.bridgelab.fundoo.testcases.NoteModuleTest"/>
  <testcase name="getAllReminderNotesTest" time="0.0" classname="com.bridgelab.fundoo.testcases.NoteModuleTest">
    <ignored/>
  </testcase> <!-- getAllReminderNotesTest -->
  <testcase name="getAllArchiveNotesTest" time="0.0" classname="com.bridgelab.fundoo.testcases.NoteModuleTest">
    <ignored/>
  </testcase> <!-- getAllArchiveNotesTest -->
</testsuite> <!-- Default test -->
