<?xml version="1.0" encoding="UTF-8"?>
<!-- Generated by org.testng.reporters.JUnitXMLReporter -->
<testsuite hostname="DESKTOP-5P47P0G" ignored="0" name="Default test" tests="10" failures="0" timestamp="2020-05-12T22:13:59 IST" time="364.169" errors="0">
  <testcase name="forgotPassword" time="77.006" classname="com.bridgelab.fundoo.testcases.UserModuleTest"/>
  <testcase name="forgotPassword" time="45.752" classname="com.bridgelab.fundoo.testcases.UserModuleTest"/>
  <testcase name="loginTest" time="29.587" classname="com.bridgelab.fundoo.testcases.UserModuleTest"/>
  <testcase name="loginTest" time="28.255" classname="com.bridgelab.fundoo.testcases.UserModuleTest"/>
  <testcase name="loginTest" time="45.17" classname="com.bridgelab.fundoo.testcases.UserModuleTest"/>
  <testcase name="readFromExcel" time="0.873" classname="com.bridgelab.fundoo.testcases.UserModuleTest"/>
  <testcase name="register" time="35.282" classname="com.bridgelab.fundoo.testcases.UserModuleTest"/>
  <testcase name="register" time="32.163" classname="com.bridgelab.fundoo.testcases.UserModuleTest"/>
  <testcase name="updatePassword" time="36.114" classname="com.bridgelab.fundoo.testcases.UserModuleTest"/>
  <testcase name="updatePassword" time="31.982" classname="com.bridgelab.fundoo.testcases.UserModuleTest"/>
</testsuite> <!-- Default test -->
