<?xml version="1.0" encoding="UTF-8"?>
<testng-results skipped="0" failed="0" ignored="2" total="3" passed="1">
  <reporter-output>
  </reporter-output>
  <suite name="Default suite" duration-ms="42155" started-at="2020-05-17T23:47:23 IST" finished-at="2020-05-17T23:48:06 IST">
    <groups>
    </groups>
    <test name="Default test" duration-ms="42155" started-at="2020-05-17T23:47:23 IST" finished-at="2020-05-17T23:48:06 IST">
      <class name="com.bridgelab.fundoo.testcases.NoteModuleTest">
        <test-method status="PASS" signature="beforeTest()[pri:0, instance:com.bridgelab.fundoo.testcases.NoteModuleTest@58c1670b]" name="beforeTest" is-config="true" duration-ms="309" started-at="2020-05-17T23:47:23 IST" finished-at="2020-05-17T23:47:24 IST">
          <reporter-output>
          </reporter-output>
        </test-method> <!-- beforeTest -->
        <test-method status="PASS" signature="setup()[pri:0, instance:com.bridgelab.fundoo.testcases.NoteModuleTest@58c1670b]" name="setup" is-config="true" duration-ms="8778" started-at="2020-05-17T23:47:25 IST" finished-at="2020-05-17T23:47:34 IST">
          <reporter-output>
          </reporter-output>
        </test-method> <!-- setup -->
        <test-method status="PASS" signature="getAllTrashedNotesTest(java.lang.String, java.lang.String)[pri:0, instance:com.bridgelab.fundoo.testcases.NoteModuleTest@58c1670b]" name="getAllTrashedNotesTest" duration-ms="29515" started-at="2020-05-17T23:47:34 IST" data-provider="user-ids-passwords-excel-data-provider" finished-at="2020-05-17T23:48:04 IST">
          <params>
            <param index="0">
              <value>
                <![CDATA[niranjangyadav124@gmail.com]]>
              </value>
            </param>
            <param index="1">
              <value>
                <![CDATA[niranjan@55]]>
              </value>
            </param>
          </params>
          <reporter-output>
          </reporter-output>
        </test-method> <!-- getAllTrashedNotesTest -->
        <test-method status="PASS" signature="tearDown(org.testng.ITestResult)[pri:0, instance:com.bridgelab.fundoo.testcases.NoteModuleTest@58c1670b]" name="tearDown" is-config="true" duration-ms="664" started-at="2020-05-17T23:48:04 IST" finished-at="2020-05-17T23:48:04 IST">
          <params>
            <param index="0">
              <value>
                <![CDATA[[TestResult name=getAllTrashedNotesTest status=SUCCESS method=NoteModuleTest.getAllTrashedNotesTest(java.lang.String, java.lang.String)[pri:0, instance:com.bridgelab.fundoo.testcases.NoteModuleTest@58c1670b] output={null}]]]>
              </value>
            </param>
          </params>
          <reporter-output>
          </reporter-output>
        </test-method> <!-- tearDown -->
        <test-method status="PASS" signature="endReport()[pri:0, instance:com.bridgelab.fundoo.testcases.NoteModuleTest@58c1670b]" name="endReport" is-config="true" duration-ms="1177" started-at="2020-05-17T23:48:04 IST" finished-at="2020-05-17T23:48:06 IST">
          <reporter-output>
          </reporter-output>
        </test-method> <!-- endReport -->
      </class> <!-- com.bridgelab.fundoo.testcases.NoteModuleTest -->
    </test> <!-- Default test -->
  </suite> <!-- Default suite -->
</testng-results>
