<?xml version="1.0" encoding="UTF-8"?>
<testng-results skipped="0" failed="0" ignored="0" total="10" passed="10">
  <reporter-output>
  </reporter-output>
  <suite name="Default suite" duration-ms="364169" started-at="2020-05-12T22:07:54 IST" finished-at="2020-05-12T22:13:58 IST">
    <groups>
    </groups>
    <test name="Default test" duration-ms="364169" started-at="2020-05-12T22:07:54 IST" finished-at="2020-05-12T22:13:58 IST">
      <class name="com.bridgelab.fundoo.testcases.UserModuleTest">
        <test-method status="PASS" signature="beforeTest()[pri:0, instance:com.bridgelab.fundoo.testcases.UserModuleTest@3234e239]" name="beforeTest" is-config="true" duration-ms="37" started-at="2020-05-12T22:07:54 IST" finished-at="2020-05-12T22:07:54 IST">
          <reporter-output>
          </reporter-output>
        </test-method> <!-- beforeTest -->
        <test-method status="PASS" signature="forgotPassword(java.lang.String, java.lang.String)[pri:0, instance:com.bridgelab.fundoo.testcases.UserModuleTest@3234e239]" name="forgotPassword" duration-ms="77006" started-at="2020-05-12T22:07:55 IST" data-provider="user-forgotMail-data-provider" finished-at="2020-05-12T22:09:12 IST">
          <params>
            <param index="0">
              <value>
                <![CDATA[niranjangyadav124@gmail.com]]>
              </value>
            </param>
            <param index="1">
              <value>
                <![CDATA[true]]>
              </value>
            </param>
          </params>
          <reporter-output>
          </reporter-output>
        </test-method> <!-- forgotPassword -->
        <test-method status="PASS" signature="forgotPassword(java.lang.String, java.lang.String)[pri:0, instance:com.bridgelab.fundoo.testcases.UserModuleTest@3234e239]" name="forgotPassword" duration-ms="45752" started-at="2020-05-12T22:09:12 IST" data-provider="user-forgotMail-data-provider" finished-at="2020-05-12T22:09:58 IST">
          <params>
            <param index="0">
              <value>
                <![CDATA[niruct6@gmail.com]]>
              </value>
            </param>
            <param index="1">
              <value>
                <![CDATA[true]]>
              </value>
            </param>
          </params>
          <reporter-output>
          </reporter-output>
        </test-method> <!-- forgotPassword -->
        <test-method status="PASS" signature="loginTest(java.lang.String, java.lang.String, java.lang.String)[pri:0, instance:com.bridgelab.fundoo.testcases.UserModuleTest@3234e239]" name="loginTest" duration-ms="29587" started-at="2020-05-12T22:09:58 IST" data-provider="user-ids-passwords-excel-data-provider" finished-at="2020-05-12T22:10:28 IST">
          <params>
            <param index="0">
              <value>
                <![CDATA[niranjangyadav124@gmail.com]]>
              </value>
            </param>
            <param index="1">
              <value>
                <![CDATA[niranjan@55]]>
              </value>
            </param>
            <param index="2">
              <value>
                <![CDATA[true]]>
              </value>
            </param>
          </params>
          <reporter-output>
          </reporter-output>
        </test-method> <!-- loginTest -->
        <test-method status="PASS" signature="loginTest(java.lang.String, java.lang.String, java.lang.String)[pri:0, instance:com.bridgelab.fundoo.testcases.UserModuleTest@3234e239]" name="loginTest" duration-ms="28255" started-at="2020-05-12T22:10:28 IST" data-provider="user-ids-passwords-excel-data-provider" finished-at="2020-05-12T22:10:56 IST">
          <params>
            <param index="0">
              <value>
                <![CDATA[niruct6@gmail.com]]>
              </value>
            </param>
            <param index="1">
              <value>
                <![CDATA[niranjan@55]]>
              </value>
            </param>
            <param index="2">
              <value>
                <![CDATA[false]]>
              </value>
            </param>
          </params>
          <reporter-output>
          </reporter-output>
        </test-method> <!-- loginTest -->
        <test-method status="PASS" signature="loginTest(java.lang.String, java.lang.String, java.lang.String)[pri:0, instance:com.bridgelab.fundoo.testcases.UserModuleTest@3234e239]" name="loginTest" duration-ms="45170" started-at="2020-05-12T22:10:56 IST" data-provider="user-ids-passwords-excel-data-provider" finished-at="2020-05-12T22:11:41 IST">
          <params>
            <param index="0">
              <value>
                <![CDATA[]]>
              </value>
            </param>
            <param index="1">
              <value>
                <![CDATA[]]>
              </value>
            </param>
            <param index="2">
              <value>
                <![CDATA[]]>
              </value>
            </param>
          </params>
          <reporter-output>
          </reporter-output>
        </test-method> <!-- loginTest -->
        <test-method status="PASS" signature="readFromExcel()[pri:0, instance:com.bridgelab.fundoo.testcases.UserModuleTest@3234e239]" name="readFromExcel" duration-ms="873" started-at="2020-05-12T22:11:41 IST" finished-at="2020-05-12T22:11:42 IST">
          <reporter-output>
          </reporter-output>
        </test-method> <!-- readFromExcel -->
        <test-method status="PASS" signature="register(java.lang.String, java.lang.String, java.lang.String, java.lang.String)[pri:0, instance:com.bridgelab.fundoo.testcases.UserModuleTest@3234e239]" name="register" duration-ms="35282" started-at="2020-05-12T22:11:42 IST" data-provider="user-register-info-excel-data-provider" finished-at="2020-05-12T22:12:18 IST">
          <params>
            <param index="0">
              <value>
                <![CDATA[Niranjan]]>
              </value>
            </param>
            <param index="1">
              <value>
                <![CDATA[niranjangyadav124@gmail.com]]>
              </value>
            </param>
            <param index="2">
              <value>
                <![CDATA[niranjan@55]]>
              </value>
            </param>
            <param index="3">
              <value>
                <![CDATA[8880846463]]>
              </value>
            </param>
          </params>
          <reporter-output>
          </reporter-output>
        </test-method> <!-- register -->
        <test-method status="PASS" signature="register(java.lang.String, java.lang.String, java.lang.String, java.lang.String)[pri:0, instance:com.bridgelab.fundoo.testcases.UserModuleTest@3234e239]" name="register" duration-ms="32163" started-at="2020-05-12T22:12:18 IST" data-provider="user-register-info-excel-data-provider" finished-at="2020-05-12T22:12:50 IST">
          <params>
            <param index="0">
              <value>
                <![CDATA[yadav]]>
              </value>
            </param>
            <param index="1">
              <value>
                <![CDATA[niruct6@gmail.com]]>
              </value>
            </param>
            <param index="2">
              <value>
                <![CDATA[niranjan@55]]>
              </value>
            </param>
            <param index="3">
              <value>
                <![CDATA[8880846463]]>
              </value>
            </param>
          </params>
          <reporter-output>
          </reporter-output>
        </test-method> <!-- register -->
        <test-method status="PASS" signature="updatePassword(java.lang.String, java.lang.String, java.lang.String)[pri:0, instance:com.bridgelab.fundoo.testcases.UserModuleTest@3234e239]" name="updatePassword" duration-ms="36114" started-at="2020-05-12T22:12:50 IST" data-provider="user-updatePassword-data-provider" finished-at="2020-05-12T22:13:26 IST">
          <params>
            <param index="0">
              <value>
                <![CDATA[niranjan@55]]>
              </value>
            </param>
            <param index="1">
              <value>
                <![CDATA[niranjan@55]]>
              </value>
            </param>
            <param index="2">
              <value>
                <![CDATA[true]]>
              </value>
            </param>
          </params>
          <reporter-output>
          </reporter-output>
        </test-method> <!-- updatePassword -->
        <test-method status="PASS" signature="updatePassword(java.lang.String, java.lang.String, java.lang.String)[pri:0, instance:com.bridgelab.fundoo.testcases.UserModuleTest@3234e239]" name="updatePassword" duration-ms="31982" started-at="2020-05-12T22:13:26 IST" data-provider="user-updatePassword-data-provider" finished-at="2020-05-12T22:13:58 IST">
          <params>
            <param index="0">
              <value>
                <![CDATA[niranjan@55]]>
              </value>
            </param>
            <param index="1">
              <value>
                <![CDATA[niranjan@55]]>
              </value>
            </param>
            <param index="2">
              <value>
                <![CDATA[true]]>
              </value>
            </param>
          </params>
          <reporter-output>
          </reporter-output>
        </test-method> <!-- updatePassword -->
      </class> <!-- com.bridgelab.fundoo.testcases.UserModuleTest -->
    </test> <!-- Default test -->
  </suite> <!-- Default suite -->
</testng-results>
